<?xml version="1.0" encoding="UTF-8"?>
<testng-results skipped="0" failed="0" ignored="0" total="2" passed="2">
  <reporter-output>
  </reporter-output>
  <suite name="Default suite" duration-ms="61" started-at="2020-10-03T16:49:57 IST" finished-at="2020-10-03T16:49:58 IST">
    <groups>
    </groups>
    <test name="Default test" duration-ms="61" started-at="2020-10-03T16:49:57 IST" finished-at="2020-10-03T16:49:58 IST">
      <class name="demoPackage.DemoClass1">
        <test-method status="PASS" signature="m1()[pri:0, instance:demoPackage.DemoClass1@76707e36]" name="m1" duration-ms="9" started-at="2020-10-03T16:49:58 IST" finished-at="2020-10-03T16:49:58 IST">
          <reporter-output>
          </reporter-output>
        </test-method> <!-- m1 -->
        <test-method status="PASS" signature="m2()[pri:0, instance:demoPackage.DemoClass1@76707e36]" name="m2" duration-ms="1" started-at="2020-10-03T16:49:58 IST" finished-at="2020-10-03T16:49:58 IST">
          <reporter-output>
          </reporter-output>
        </test-method> <!-- m2 -->
      </class> <!-- demoPackage.DemoClass1 -->
    </test> <!-- Default test -->
  </suite> <!-- Default suite -->
</testng-results>
